<?xml version="1.0" encoding="UTF-8"?>
<testsuite name="hexlet.code.controllerTests.TaskStatusControllerTest" tests="8" skipped="0" failures="0" errors="0" timestamp="2022-04-11T05:52:31" hostname="velya-redmibookpro15s" time="0.674">
  <properties/>
  <testcase name="deleteTaskNegativeTest()" classname="hexlet.code.controllerTests.TaskStatusControllerTest" time="0.078"/>
  <testcase name="createStatusTestNegative()" classname="hexlet.code.controllerTests.TaskStatusControllerTest" time="0.106"/>
  <testcase name="updateStatusTest()" classname="hexlet.code.controllerTests.TaskStatusControllerTest" time="0.086"/>
  <testcase name="getStatusesTest()" classname="hexlet.code.controllerTests.TaskStatusControllerTest" time="0.078"/>
  <testcase name="getStatusTest()" classname="hexlet.code.controllerTests.TaskStatusControllerTest" time="0.078"/>
  <testcase name="updateStatusNegativeTest()" classname="hexlet.code.controllerTests.TaskStatusControllerTest" time="0.077"/>
  <testcase name="deleteTaskTest()" classname="hexlet.code.controllerTests.TaskStatusControllerTest" time="0.086"/>
  <testcase name="createStatusTest()" classname="hexlet.code.controllerTests.TaskStatusControllerTest" time="0.079"/>
  <system-out><![CDATA[2022-04-11 01:52:31.618  INFO 38088 --- [    Test worker] .b.t.c.SpringBootTestContextBootstrapper : Neither @ContextConfiguration nor @ContextHierarchy found for test class [hexlet.code.controllerTests.TaskStatusControllerTest], using SpringBootContextLoader
2022-04-11 01:52:31.619  INFO 38088 --- [    Test worker] o.s.t.c.support.AbstractContextLoader    : Could not detect default resource locations for test class [hexlet.code.controllerTests.TaskStatusControllerTest]: no resource found for suffixes {-context.xml, Context.groovy}.
2022-04-11 01:52:31.619  INFO 38088 --- [    Test worker] t.c.s.AnnotationConfigContextLoaderUtils : Could not detect default configuration classes for test class [hexlet.code.controllerTests.TaskStatusControllerTest]: TaskStatusControllerTest does not declare any static, non-private, non-final, nested classes annotated with @Configuration.
2022-04-11 01:52:31.621  INFO 38088 --- [    Test worker] .b.t.c.SpringBootTestContextBootstrapper : Found @SpringBootConfiguration hexlet.code.AppApplication for test class hexlet.code.controllerTests.TaskStatusControllerTest
2022-04-11 01:52:31.622  INFO 38088 --- [    Test worker] .b.t.c.SpringBootTestContextBootstrapper : Loaded default TestExecutionListener class names from location [META-INF/spring.factories]: [org.springframework.security.test.context.support.WithSecurityContextTestExecutionListener, org.springframework.security.test.context.support.ReactorContextTestExecutionListener, org.springframework.boot.test.autoconfigure.restdocs.RestDocsTestExecutionListener, org.springframework.boot.test.autoconfigure.web.client.MockRestServiceServerResetTestExecutionListener, org.springframework.boot.test.autoconfigure.web.servlet.MockMvcPrintOnlyOnFailureTestExecutionListener, org.springframework.boot.test.autoconfigure.web.servlet.WebDriverTestExecutionListener, org.springframework.boot.test.autoconfigure.webservices.client.MockWebServiceServerTestExecutionListener, org.springframework.boot.test.mock.mockito.MockitoTestExecutionListener, org.springframework.boot.test.mock.mockito.ResetMocksTestExecutionListener, org.springframework.test.context.web.ServletTestExecutionListener, org.springframework.test.context.support.DirtiesContextBeforeModesTestExecutionListener, org.springframework.test.context.event.ApplicationEventsTestExecutionListener, org.springframework.test.context.support.DependencyInjectionTestExecutionListener, org.springframework.test.context.support.DirtiesContextTestExecutionListener, org.springframework.test.context.transaction.TransactionalTestExecutionListener, org.springframework.test.context.jdbc.SqlScriptsTestExecutionListener, org.springframework.test.context.event.EventPublishingTestExecutionListener]
2022-04-11 01:52:31.623  INFO 38088 --- [    Test worker] .b.t.c.SpringBootTestContextBootstrapper : Using TestExecutionListeners: [org.springframework.test.context.web.ServletTestExecutionListener@4840a2f5, org.springframework.test.context.support.DirtiesContextBeforeModesTestExecutionListener@261cd173, org.springframework.test.context.event.ApplicationEventsTestExecutionListener@251282e8, org.springframework.boot.test.mock.mockito.MockitoTestExecutionListener@5ebfe6c7, org.springframework.boot.test.autoconfigure.SpringBootDependencyInjectionTestExecutionListener@1325b0ef, org.springframework.test.context.support.DirtiesContextTestExecutionListener@53f27cb1, org.springframework.test.context.transaction.TransactionalTestExecutionListener@6246a1e5, org.springframework.test.context.jdbc.SqlScriptsTestExecutionListener@436efab4, org.springframework.security.test.context.support.WithSecurityContextTestExecutionListener@7d7288fe, org.springframework.test.context.event.EventPublishingTestExecutionListener@3d256415, org.springframework.security.test.context.support.ReactorContextTestExecutionListener@6a3ba3dd, org.springframework.boot.test.autoconfigure.restdocs.RestDocsTestExecutionListener@5e344f74, org.springframework.boot.test.autoconfigure.web.client.MockRestServiceServerResetTestExecutionListener@37e81934, org.springframework.boot.test.autoconfigure.web.servlet.MockMvcPrintOnlyOnFailureTestExecutionListener@21fbd610, org.springframework.boot.test.autoconfigure.web.servlet.WebDriverTestExecutionListener@1669bcb9, org.springframework.boot.test.autoconfigure.webservices.client.MockWebServiceServerTestExecutionListener@6a5a0eef, org.springframework.boot.test.mock.mockito.ResetMocksTestExecutionListener@1d0c8b29]
2022-04-11 01:52:31.627  INFO 38088 --- [    Test worker] o.s.t.c.transaction.TransactionContext   : Began transaction (1) for test context [DefaultTestContext@5c64d714 testClass = TaskStatusControllerTest, testInstance = hexlet.code.controllerTests.TaskStatusControllerTest@1ec3781d, testMethod = deleteTaskNegativeTest@TaskStatusControllerTest, testException = [null], mergedContextConfiguration = [WebMergedContextConfiguration@5c96d188 testClass = TaskStatusControllerTest, locations = '{}', classes = '{class hexlet.code.AppApplication}', contextInitializerClasses = '[]', activeProfiles = '{}', propertySourceLocations = '{}', propertySourceProperties = '{org.springframework.boot.test.context.SpringBootTestContextBootstrapper=true, server.port=0}', contextCustomizers = set[org.springframework.boot.test.autoconfigure.actuate.metrics.MetricsExportContextCustomizerFactory$DisableMetricExportContextCustomizer@5e5af8e1, org.springframework.boot.test.autoconfigure.properties.PropertyMappingContextCustomizer@4b3fa0b3, org.springframework.boot.test.autoconfigure.web.servlet.WebDriverContextCustomizerFactory$Customizer@2b680207, [ImportsContextCustomizer@3c6c6ec key = [org.springframework.boot.test.autoconfigure.web.servlet.MockMvcAutoConfiguration, org.springframework.boot.test.autoconfigure.web.servlet.MockMvcWebClientAutoConfiguration, org.springframework.boot.test.autoconfigure.web.servlet.MockMvcWebDriverAutoConfiguration, org.springframework.boot.autoconfigure.security.oauth2.client.servlet.OAuth2ClientAutoConfiguration, org.springframework.boot.autoconfigure.security.oauth2.resource.servlet.OAuth2ResourceServerAutoConfiguration, org.springframework.boot.autoconfigure.security.servlet.SecurityAutoConfiguration, org.springframework.boot.autoconfigure.security.servlet.SecurityFilterAutoConfiguration, org.springframework.boot.autoconfigure.security.servlet.UserDetailsServiceAutoConfiguration, org.springframework.boot.test.autoconfigure.web.servlet.MockMvcSecurityConfiguration, org.springframework.boot.test.autoconfigure.web.reactive.WebTestClientAutoConfiguration]], org.springframework.boot.test.context.filter.ExcludeFilterContextCustomizer@eac3a26, org.springframework.boot.test.json.DuplicateJsonObjectContextCustomizerFactory$DuplicateJsonObjectContextCustomizer@142213d5, org.springframework.boot.test.mock.mockito.MockitoContextCustomizer@0, org.springframework.boot.test.web.client.TestRestTemplateContextCustomizer@2b6fcb9f, org.springframework.boot.test.context.SpringBootTestArgs@1, org.springframework.boot.test.context.SpringBootTestWebEnvironment@7c211fd0], resourceBasePath = 'src/main/webapp', contextLoader = 'org.springframework.boot.test.context.SpringBootContextLoader', parent = [null]], attributes = map['org.springframework.test.context.web.ServletTestExecutionListener.activateListener' -> false, 'org.springframework.test.context.event.ApplicationEventsTestExecutionListener.recordApplicationEvents' -> false]]; transaction manager [org.springframework.orm.jpa.JpaTransactionManager@5039705d]; rollback [true]
2022-04-11 01:52:31.629  WARN 38088 --- [    Test worker] c.g.d.rider.junit5.DBUnitExtension       : Could not find dataset annotation from callback method: public void hexlet.code.controllerTests.TaskStatusControllerTest.before() throws java.lang.Exception
2022-04-11 01:52:31.629  WARN 38088 --- [    Test worker] c.g.d.rider.junit5.DBUnitExtension       : Could not find expectedDataSet annotation annotation from callback method: public void hexlet.code.controllerTests.TaskStatusControllerTest.before() throws java.lang.Exception
2022-04-11 01:52:31.680  INFO 38088 --- [    Test worker] org.dbunit.database.DatabaseConfig       : The property ending with 'schema' was not found. Please notify a dbunit developer to add the property to the class org.dbunit.database.DatabaseConfig
2022-04-11 01:52:31.680  INFO 38088 --- [    Test worker] org.dbunit.database.DatabaseConfig       : The property ending with 'replacers' was not found. Please notify a dbunit developer to add the property to the class org.dbunit.database.DatabaseConfig
2022-04-11 01:52:31.703  INFO 38088 --- [    Test worker] o.s.t.c.transaction.TransactionContext   : Rolled back transaction for test: [DefaultTestContext@5c64d714 testClass = TaskStatusControllerTest, testInstance = hexlet.code.controllerTests.TaskStatusControllerTest@1ec3781d, testMethod = deleteTaskNegativeTest@TaskStatusControllerTest, testException = [null], mergedContextConfiguration = [WebMergedContextConfiguration@5c96d188 testClass = TaskStatusControllerTest, locations = '{}', classes = '{class hexlet.code.AppApplication}', contextInitializerClasses = '[]', activeProfiles = '{}', propertySourceLocations = '{}', propertySourceProperties = '{org.springframework.boot.test.context.SpringBootTestContextBootstrapper=true, server.port=0}', contextCustomizers = set[org.springframework.boot.test.autoconfigure.actuate.metrics.MetricsExportContextCustomizerFactory$DisableMetricExportContextCustomizer@5e5af8e1, org.springframework.boot.test.autoconfigure.properties.PropertyMappingContextCustomizer@4b3fa0b3, org.springframework.boot.test.autoconfigure.web.servlet.WebDriverContextCustomizerFactory$Customizer@2b680207, [ImportsContextCustomizer@3c6c6ec key = [org.springframework.boot.test.autoconfigure.web.servlet.MockMvcAutoConfiguration, org.springframework.boot.test.autoconfigure.web.servlet.MockMvcWebClientAutoConfiguration, org.springframework.boot.test.autoconfigure.web.servlet.MockMvcWebDriverAutoConfiguration, org.springframework.boot.autoconfigure.security.oauth2.client.servlet.OAuth2ClientAutoConfiguration, org.springframework.boot.autoconfigure.security.oauth2.resource.servlet.OAuth2ResourceServerAutoConfiguration, org.springframework.boot.autoconfigure.security.servlet.SecurityAutoConfiguration, org.springframework.boot.autoconfigure.security.servlet.SecurityFilterAutoConfiguration, org.springframework.boot.autoconfigure.security.servlet.UserDetailsServiceAutoConfiguration, org.springframework.boot.test.autoconfigure.web.servlet.MockMvcSecurityConfiguration, org.springframework.boot.test.autoconfigure.web.reactive.WebTestClientAutoConfiguration]], org.springframework.boot.test.context.filter.ExcludeFilterContextCustomizer@eac3a26, org.springframework.boot.test.json.DuplicateJsonObjectContextCustomizerFactory$DuplicateJsonObjectContextCustomizer@142213d5, org.springframework.boot.test.mock.mockito.MockitoContextCustomizer@0, org.springframework.boot.test.web.client.TestRestTemplateContextCustomizer@2b6fcb9f, org.springframework.boot.test.context.SpringBootTestArgs@1, org.springframework.boot.test.context.SpringBootTestWebEnvironment@7c211fd0], resourceBasePath = 'src/main/webapp', contextLoader = 'org.springframework.boot.test.context.SpringBootContextLoader', parent = [null]], attributes = map['org.springframework.test.context.web.ServletTestExecutionListener.activateListener' -> false, 'org.springframework.test.context.event.ApplicationEventsTestExecutionListener.recordApplicationEvents' -> false]]
2022-04-11 01:52:31.706  INFO 38088 --- [    Test worker] o.s.t.c.transaction.TransactionContext   : Began transaction (1) for test context [DefaultTestContext@5c64d714 testClass = TaskStatusControllerTest, testInstance = hexlet.code.controllerTests.TaskStatusControllerTest@2c3efe73, testMethod = createStatusTestNegative@TaskStatusControllerTest, testException = [null], mergedContextConfiguration = [WebMergedContextConfiguration@5c96d188 testClass = TaskStatusControllerTest, locations = '{}', classes = '{class hexlet.code.AppApplication}', contextInitializerClasses = '[]', activeProfiles = '{}', propertySourceLocations = '{}', propertySourceProperties = '{org.springframework.boot.test.context.SpringBootTestContextBootstrapper=true, server.port=0}', contextCustomizers = set[org.springframework.boot.test.autoconfigure.actuate.metrics.MetricsExportContextCustomizerFactory$DisableMetricExportContextCustomizer@5e5af8e1, org.springframework.boot.test.autoconfigure.properties.PropertyMappingContextCustomizer@4b3fa0b3, org.springframework.boot.test.autoconfigure.web.servlet.WebDriverContextCustomizerFactory$Customizer@2b680207, [ImportsContextCustomizer@3c6c6ec key = [org.springframework.boot.test.autoconfigure.web.servlet.MockMvcAutoConfiguration, org.springframework.boot.test.autoconfigure.web.servlet.MockMvcWebClientAutoConfiguration, org.springframework.boot.test.autoconfigure.web.servlet.MockMvcWebDriverAutoConfiguration, org.springframework.boot.autoconfigure.security.oauth2.client.servlet.OAuth2ClientAutoConfiguration, org.springframework.boot.autoconfigure.security.oauth2.resource.servlet.OAuth2ResourceServerAutoConfiguration, org.springframework.boot.autoconfigure.security.servlet.SecurityAutoConfiguration, org.springframework.boot.autoconfigure.security.servlet.SecurityFilterAutoConfiguration, org.springframework.boot.autoconfigure.security.servlet.UserDetailsServiceAutoConfiguration, org.springframework.boot.test.autoconfigure.web.servlet.MockMvcSecurityConfiguration, org.springframework.boot.test.autoconfigure.web.reactive.WebTestClientAutoConfiguration]], org.springframework.boot.test.context.filter.ExcludeFilterContextCustomizer@eac3a26, org.springframework.boot.test.json.DuplicateJsonObjectContextCustomizerFactory$DuplicateJsonObjectContextCustomizer@142213d5, org.springframework.boot.test.mock.mockito.MockitoContextCustomizer@0, org.springframework.boot.test.web.client.TestRestTemplateContextCustomizer@2b6fcb9f, org.springframework.boot.test.context.SpringBootTestArgs@1, org.springframework.boot.test.context.SpringBootTestWebEnvironment@7c211fd0], resourceBasePath = 'src/main/webapp', contextLoader = 'org.springframework.boot.test.context.SpringBootContextLoader', parent = [null]], attributes = map['org.springframework.test.context.web.ServletTestExecutionListener.activateListener' -> false, 'org.springframework.test.context.event.ApplicationEventsTestExecutionListener.recordApplicationEvents' -> false]]; transaction manager [org.springframework.orm.jpa.JpaTransactionManager@5039705d]; rollback [true]
2022-04-11 01:52:31.707  WARN 38088 --- [    Test worker] c.g.d.rider.junit5.DBUnitExtension       : Could not find dataset annotation from callback method: public void hexlet.code.controllerTests.TaskStatusControllerTest.before() throws java.lang.Exception
2022-04-11 01:52:31.707  WARN 38088 --- [    Test worker] c.g.d.rider.junit5.DBUnitExtension       : Could not find expectedDataSet annotation annotation from callback method: public void hexlet.code.controllerTests.TaskStatusControllerTest.before() throws java.lang.Exception
2022-04-11 01:52:31.799  INFO 38088 --- [    Test worker] org.dbunit.database.DatabaseConfig       : The property ending with 'schema' was not found. Please notify a dbunit developer to add the property to the class org.dbunit.database.DatabaseConfig
2022-04-11 01:52:31.799  INFO 38088 --- [    Test worker] org.dbunit.database.DatabaseConfig       : The property ending with 'replacers' was not found. Please notify a dbunit developer to add the property to the class org.dbunit.database.DatabaseConfig
2022-04-11 01:52:31.811  INFO 38088 --- [    Test worker] o.s.t.c.transaction.TransactionContext   : Rolled back transaction for test: [DefaultTestContext@5c64d714 testClass = TaskStatusControllerTest, testInstance = hexlet.code.controllerTests.TaskStatusControllerTest@2c3efe73, testMethod = createStatusTestNegative@TaskStatusControllerTest, testException = [null], mergedContextConfiguration = [WebMergedContextConfiguration@5c96d188 testClass = TaskStatusControllerTest, locations = '{}', classes = '{class hexlet.code.AppApplication}', contextInitializerClasses = '[]', activeProfiles = '{}', propertySourceLocations = '{}', propertySourceProperties = '{org.springframework.boot.test.context.SpringBootTestContextBootstrapper=true, server.port=0}', contextCustomizers = set[org.springframework.boot.test.autoconfigure.actuate.metrics.MetricsExportContextCustomizerFactory$DisableMetricExportContextCustomizer@5e5af8e1, org.springframework.boot.test.autoconfigure.properties.PropertyMappingContextCustomizer@4b3fa0b3, org.springframework.boot.test.autoconfigure.web.servlet.WebDriverContextCustomizerFactory$Customizer@2b680207, [ImportsContextCustomizer@3c6c6ec key = [org.springframework.boot.test.autoconfigure.web.servlet.MockMvcAutoConfiguration, org.springframework.boot.test.autoconfigure.web.servlet.MockMvcWebClientAutoConfiguration, org.springframework.boot.test.autoconfigure.web.servlet.MockMvcWebDriverAutoConfiguration, org.springframework.boot.autoconfigure.security.oauth2.client.servlet.OAuth2ClientAutoConfiguration, org.springframework.boot.autoconfigure.security.oauth2.resource.servlet.OAuth2ResourceServerAutoConfiguration, org.springframework.boot.autoconfigure.security.servlet.SecurityAutoConfiguration, org.springframework.boot.autoconfigure.security.servlet.SecurityFilterAutoConfiguration, org.springframework.boot.autoconfigure.security.servlet.UserDetailsServiceAutoConfiguration, org.springframework.boot.test.autoconfigure.web.servlet.MockMvcSecurityConfiguration, org.springframework.boot.test.autoconfigure.web.reactive.WebTestClientAutoConfiguration]], org.springframework.boot.test.context.filter.ExcludeFilterContextCustomizer@eac3a26, org.springframework.boot.test.json.DuplicateJsonObjectContextCustomizerFactory$DuplicateJsonObjectContextCustomizer@142213d5, org.springframework.boot.test.mock.mockito.MockitoContextCustomizer@0, org.springframework.boot.test.web.client.TestRestTemplateContextCustomizer@2b6fcb9f, org.springframework.boot.test.context.SpringBootTestArgs@1, org.springframework.boot.test.context.SpringBootTestWebEnvironment@7c211fd0], resourceBasePath = 'src/main/webapp', contextLoader = 'org.springframework.boot.test.context.SpringBootContextLoader', parent = [null]], attributes = map['org.springframework.test.context.web.ServletTestExecutionListener.activateListener' -> false, 'org.springframework.test.context.event.ApplicationEventsTestExecutionListener.recordApplicationEvents' -> false]]
2022-04-11 01:52:31.813  INFO 38088 --- [    Test worker] o.s.t.c.transaction.TransactionContext   : Began transaction (1) for test context [DefaultTestContext@5c64d714 testClass = TaskStatusControllerTest, testInstance = hexlet.code.controllerTests.TaskStatusControllerTest@2b26f87c, testMethod = updateStatusTest@TaskStatusControllerTest, testException = [null], mergedContextConfiguration = [WebMergedContextConfiguration@5c96d188 testClass = TaskStatusControllerTest, locations = '{}', classes = '{class hexlet.code.AppApplication}', contextInitializerClasses = '[]', activeProfiles = '{}', propertySourceLocations = '{}', propertySourceProperties = '{org.springframework.boot.test.context.SpringBootTestContextBootstrapper=true, server.port=0}', contextCustomizers = set[org.springframework.boot.test.autoconfigure.actuate.metrics.MetricsExportContextCustomizerFactory$DisableMetricExportContextCustomizer@5e5af8e1, org.springframework.boot.test.autoconfigure.properties.PropertyMappingContextCustomizer@4b3fa0b3, org.springframework.boot.test.autoconfigure.web.servlet.WebDriverContextCustomizerFactory$Customizer@2b680207, [ImportsContextCustomizer@3c6c6ec key = [org.springframework.boot.test.autoconfigure.web.servlet.MockMvcAutoConfiguration, org.springframework.boot.test.autoconfigure.web.servlet.MockMvcWebClientAutoConfiguration, org.springframework.boot.test.autoconfigure.web.servlet.MockMvcWebDriverAutoConfiguration, org.springframework.boot.autoconfigure.security.oauth2.client.servlet.OAuth2ClientAutoConfiguration, org.springframework.boot.autoconfigure.security.oauth2.resource.servlet.OAuth2ResourceServerAutoConfiguration, org.springframework.boot.autoconfigure.security.servlet.SecurityAutoConfiguration, org.springframework.boot.autoconfigure.security.servlet.SecurityFilterAutoConfiguration, org.springframework.boot.autoconfigure.security.servlet.UserDetailsServiceAutoConfiguration, org.springframework.boot.test.autoconfigure.web.servlet.MockMvcSecurityConfiguration, org.springframework.boot.test.autoconfigure.web.reactive.WebTestClientAutoConfiguration]], org.springframework.boot.test.context.filter.ExcludeFilterContextCustomizer@eac3a26, org.springframework.boot.test.json.DuplicateJsonObjectContextCustomizerFactory$DuplicateJsonObjectContextCustomizer@142213d5, org.springframework.boot.test.mock.mockito.MockitoContextCustomizer@0, org.springframework.boot.test.web.client.TestRestTemplateContextCustomizer@2b6fcb9f, org.springframework.boot.test.context.SpringBootTestArgs@1, org.springframework.boot.test.context.SpringBootTestWebEnvironment@7c211fd0], resourceBasePath = 'src/main/webapp', contextLoader = 'org.springframework.boot.test.context.SpringBootContextLoader', parent = [null]], attributes = map['org.springframework.test.context.web.ServletTestExecutionListener.activateListener' -> false, 'org.springframework.test.context.event.ApplicationEventsTestExecutionListener.recordApplicationEvents' -> false]]; transaction manager [org.springframework.orm.jpa.JpaTransactionManager@5039705d]; rollback [true]
2022-04-11 01:52:31.814  WARN 38088 --- [    Test worker] c.g.d.rider.junit5.DBUnitExtension       : Could not find dataset annotation from callback method: public void hexlet.code.controllerTests.TaskStatusControllerTest.before() throws java.lang.Exception
2022-04-11 01:52:31.814  WARN 38088 --- [    Test worker] c.g.d.rider.junit5.DBUnitExtension       : Could not find expectedDataSet annotation annotation from callback method: public void hexlet.code.controllerTests.TaskStatusControllerTest.before() throws java.lang.Exception
2022-04-11 01:52:31.877  INFO 38088 --- [    Test worker] org.dbunit.database.DatabaseConfig       : The property ending with 'schema' was not found. Please notify a dbunit developer to add the property to the class org.dbunit.database.DatabaseConfig
2022-04-11 01:52:31.878  INFO 38088 --- [    Test worker] org.dbunit.database.DatabaseConfig       : The property ending with 'replacers' was not found. Please notify a dbunit developer to add the property to the class org.dbunit.database.DatabaseConfig
2022-04-11 01:52:31.897  INFO 38088 --- [    Test worker] o.s.t.c.transaction.TransactionContext   : Rolled back transaction for test: [DefaultTestContext@5c64d714 testClass = TaskStatusControllerTest, testInstance = hexlet.code.controllerTests.TaskStatusControllerTest@2b26f87c, testMethod = updateStatusTest@TaskStatusControllerTest, testException = [null], mergedContextConfiguration = [WebMergedContextConfiguration@5c96d188 testClass = TaskStatusControllerTest, locations = '{}', classes = '{class hexlet.code.AppApplication}', contextInitializerClasses = '[]', activeProfiles = '{}', propertySourceLocations = '{}', propertySourceProperties = '{org.springframework.boot.test.context.SpringBootTestContextBootstrapper=true, server.port=0}', contextCustomizers = set[org.springframework.boot.test.autoconfigure.actuate.metrics.MetricsExportContextCustomizerFactory$DisableMetricExportContextCustomizer@5e5af8e1, org.springframework.boot.test.autoconfigure.properties.PropertyMappingContextCustomizer@4b3fa0b3, org.springframework.boot.test.autoconfigure.web.servlet.WebDriverContextCustomizerFactory$Customizer@2b680207, [ImportsContextCustomizer@3c6c6ec key = [org.springframework.boot.test.autoconfigure.web.servlet.MockMvcAutoConfiguration, org.springframework.boot.test.autoconfigure.web.servlet.MockMvcWebClientAutoConfiguration, org.springframework.boot.test.autoconfigure.web.servlet.MockMvcWebDriverAutoConfiguration, org.springframework.boot.autoconfigure.security.oauth2.client.servlet.OAuth2ClientAutoConfiguration, org.springframework.boot.autoconfigure.security.oauth2.resource.servlet.OAuth2ResourceServerAutoConfiguration, org.springframework.boot.autoconfigure.security.servlet.SecurityAutoConfiguration, org.springframework.boot.autoconfigure.security.servlet.SecurityFilterAutoConfiguration, org.springframework.boot.autoconfigure.security.servlet.UserDetailsServiceAutoConfiguration, org.springframework.boot.test.autoconfigure.web.servlet.MockMvcSecurityConfiguration, org.springframework.boot.test.autoconfigure.web.reactive.WebTestClientAutoConfiguration]], org.springframework.boot.test.context.filter.ExcludeFilterContextCustomizer@eac3a26, org.springframework.boot.test.json.DuplicateJsonObjectContextCustomizerFactory$DuplicateJsonObjectContextCustomizer@142213d5, org.springframework.boot.test.mock.mockito.MockitoContextCustomizer@0, org.springframework.boot.test.web.client.TestRestTemplateContextCustomizer@2b6fcb9f, org.springframework.boot.test.context.SpringBootTestArgs@1, org.springframework.boot.test.context.SpringBootTestWebEnvironment@7c211fd0], resourceBasePath = 'src/main/webapp', contextLoader = 'org.springframework.boot.test.context.SpringBootContextLoader', parent = [null]], attributes = map['org.springframework.test.context.web.ServletTestExecutionListener.activateListener' -> false, 'org.springframework.test.context.event.ApplicationEventsTestExecutionListener.recordApplicationEvents' -> false]]
2022-04-11 01:52:31.899  INFO 38088 --- [    Test worker] o.s.t.c.transaction.TransactionContext   : Began transaction (1) for test context [DefaultTestContext@5c64d714 testClass = TaskStatusControllerTest, testInstance = hexlet.code.controllerTests.TaskStatusControllerTest@cc4e49f, testMethod = getStatusesTest@TaskStatusControllerTest, testException = [null], mergedContextConfiguration = [WebMergedContextConfiguration@5c96d188 testClass = TaskStatusControllerTest, locations = '{}', classes = '{class hexlet.code.AppApplication}', contextInitializerClasses = '[]', activeProfiles = '{}', propertySourceLocations = '{}', propertySourceProperties = '{org.springframework.boot.test.context.SpringBootTestContextBootstrapper=true, server.port=0}', contextCustomizers = set[org.springframework.boot.test.autoconfigure.actuate.metrics.MetricsExportContextCustomizerFactory$DisableMetricExportContextCustomizer@5e5af8e1, org.springframework.boot.test.autoconfigure.properties.PropertyMappingContextCustomizer@4b3fa0b3, org.springframework.boot.test.autoconfigure.web.servlet.WebDriverContextCustomizerFactory$Customizer@2b680207, [ImportsContextCustomizer@3c6c6ec key = [org.springframework.boot.test.autoconfigure.web.servlet.MockMvcAutoConfiguration, org.springframework.boot.test.autoconfigure.web.servlet.MockMvcWebClientAutoConfiguration, org.springframework.boot.test.autoconfigure.web.servlet.MockMvcWebDriverAutoConfiguration, org.springframework.boot.autoconfigure.security.oauth2.client.servlet.OAuth2ClientAutoConfiguration, org.springframework.boot.autoconfigure.security.oauth2.resource.servlet.OAuth2ResourceServerAutoConfiguration, org.springframework.boot.autoconfigure.security.servlet.SecurityAutoConfiguration, org.springframework.boot.autoconfigure.security.servlet.SecurityFilterAutoConfiguration, org.springframework.boot.autoconfigure.security.servlet.UserDetailsServiceAutoConfiguration, org.springframework.boot.test.autoconfigure.web.servlet.MockMvcSecurityConfiguration, org.springframework.boot.test.autoconfigure.web.reactive.WebTestClientAutoConfiguration]], org.springframework.boot.test.context.filter.ExcludeFilterContextCustomizer@eac3a26, org.springframework.boot.test.json.DuplicateJsonObjectContextCustomizerFactory$DuplicateJsonObjectContextCustomizer@142213d5, org.springframework.boot.test.mock.mockito.MockitoContextCustomizer@0, org.springframework.boot.test.web.client.TestRestTemplateContextCustomizer@2b6fcb9f, org.springframework.boot.test.context.SpringBootTestArgs@1, org.springframework.boot.test.context.SpringBootTestWebEnvironment@7c211fd0], resourceBasePath = 'src/main/webapp', contextLoader = 'org.springframework.boot.test.context.SpringBootContextLoader', parent = [null]], attributes = map['org.springframework.test.context.web.ServletTestExecutionListener.activateListener' -> false, 'org.springframework.test.context.event.ApplicationEventsTestExecutionListener.recordApplicationEvents' -> false]]; transaction manager [org.springframework.orm.jpa.JpaTransactionManager@5039705d]; rollback [true]
2022-04-11 01:52:31.900  WARN 38088 --- [    Test worker] c.g.d.rider.junit5.DBUnitExtension       : Could not find dataset annotation from callback method: public void hexlet.code.controllerTests.TaskStatusControllerTest.before() throws java.lang.Exception
2022-04-11 01:52:31.900  WARN 38088 --- [    Test worker] c.g.d.rider.junit5.DBUnitExtension       : Could not find expectedDataSet annotation annotation from callback method: public void hexlet.code.controllerTests.TaskStatusControllerTest.before() throws java.lang.Exception
2022-04-11 01:52:31.962  INFO 38088 --- [    Test worker] org.dbunit.database.DatabaseConfig       : The property ending with 'schema' was not found. Please notify a dbunit developer to add the property to the class org.dbunit.database.DatabaseConfig
2022-04-11 01:52:31.963  INFO 38088 --- [    Test worker] org.dbunit.database.DatabaseConfig       : The property ending with 'replacers' was not found. Please notify a dbunit developer to add the property to the class org.dbunit.database.DatabaseConfig
2022-04-11 01:52:31.976  INFO 38088 --- [    Test worker] o.s.t.c.transaction.TransactionContext   : Rolled back transaction for test: [DefaultTestContext@5c64d714 testClass = TaskStatusControllerTest, testInstance = hexlet.code.controllerTests.TaskStatusControllerTest@cc4e49f, testMethod = getStatusesTest@TaskStatusControllerTest, testException = [null], mergedContextConfiguration = [WebMergedContextConfiguration@5c96d188 testClass = TaskStatusControllerTest, locations = '{}', classes = '{class hexlet.code.AppApplication}', contextInitializerClasses = '[]', activeProfiles = '{}', propertySourceLocations = '{}', propertySourceProperties = '{org.springframework.boot.test.context.SpringBootTestContextBootstrapper=true, server.port=0}', contextCustomizers = set[org.springframework.boot.test.autoconfigure.actuate.metrics.MetricsExportContextCustomizerFactory$DisableMetricExportContextCustomizer@5e5af8e1, org.springframework.boot.test.autoconfigure.properties.PropertyMappingContextCustomizer@4b3fa0b3, org.springframework.boot.test.autoconfigure.web.servlet.WebDriverContextCustomizerFactory$Customizer@2b680207, [ImportsContextCustomizer@3c6c6ec key = [org.springframework.boot.test.autoconfigure.web.servlet.MockMvcAutoConfiguration, org.springframework.boot.test.autoconfigure.web.servlet.MockMvcWebClientAutoConfiguration, org.springframework.boot.test.autoconfigure.web.servlet.MockMvcWebDriverAutoConfiguration, org.springframework.boot.autoconfigure.security.oauth2.client.servlet.OAuth2ClientAutoConfiguration, org.springframework.boot.autoconfigure.security.oauth2.resource.servlet.OAuth2ResourceServerAutoConfiguration, org.springframework.boot.autoconfigure.security.servlet.SecurityAutoConfiguration, org.springframework.boot.autoconfigure.security.servlet.SecurityFilterAutoConfiguration, org.springframework.boot.autoconfigure.security.servlet.UserDetailsServiceAutoConfiguration, org.springframework.boot.test.autoconfigure.web.servlet.MockMvcSecurityConfiguration, org.springframework.boot.test.autoconfigure.web.reactive.WebTestClientAutoConfiguration]], org.springframework.boot.test.context.filter.ExcludeFilterContextCustomizer@eac3a26, org.springframework.boot.test.json.DuplicateJsonObjectContextCustomizerFactory$DuplicateJsonObjectContextCustomizer@142213d5, org.springframework.boot.test.mock.mockito.MockitoContextCustomizer@0, org.springframework.boot.test.web.client.TestRestTemplateContextCustomizer@2b6fcb9f, org.springframework.boot.test.context.SpringBootTestArgs@1, org.springframework.boot.test.context.SpringBootTestWebEnvironment@7c211fd0], resourceBasePath = 'src/main/webapp', contextLoader = 'org.springframework.boot.test.context.SpringBootContextLoader', parent = [null]], attributes = map['org.springframework.test.context.web.ServletTestExecutionListener.activateListener' -> false, 'org.springframework.test.context.event.ApplicationEventsTestExecutionListener.recordApplicationEvents' -> false]]
2022-04-11 01:52:31.978  INFO 38088 --- [    Test worker] o.s.t.c.transaction.TransactionContext   : Began transaction (1) for test context [DefaultTestContext@5c64d714 testClass = TaskStatusControllerTest, testInstance = hexlet.code.controllerTests.TaskStatusControllerTest@381ff193, testMethod = getStatusTest@TaskStatusControllerTest, testException = [null], mergedContextConfiguration = [WebMergedContextConfiguration@5c96d188 testClass = TaskStatusControllerTest, locations = '{}', classes = '{class hexlet.code.AppApplication}', contextInitializerClasses = '[]', activeProfiles = '{}', propertySourceLocations = '{}', propertySourceProperties = '{org.springframework.boot.test.context.SpringBootTestContextBootstrapper=true, server.port=0}', contextCustomizers = set[org.springframework.boot.test.autoconfigure.actuate.metrics.MetricsExportContextCustomizerFactory$DisableMetricExportContextCustomizer@5e5af8e1, org.springframework.boot.test.autoconfigure.properties.PropertyMappingContextCustomizer@4b3fa0b3, org.springframework.boot.test.autoconfigure.web.servlet.WebDriverContextCustomizerFactory$Customizer@2b680207, [ImportsContextCustomizer@3c6c6ec key = [org.springframework.boot.test.autoconfigure.web.servlet.MockMvcAutoConfiguration, org.springframework.boot.test.autoconfigure.web.servlet.MockMvcWebClientAutoConfiguration, org.springframework.boot.test.autoconfigure.web.servlet.MockMvcWebDriverAutoConfiguration, org.springframework.boot.autoconfigure.security.oauth2.client.servlet.OAuth2ClientAutoConfiguration, org.springframework.boot.autoconfigure.security.oauth2.resource.servlet.OAuth2ResourceServerAutoConfiguration, org.springframework.boot.autoconfigure.security.servlet.SecurityAutoConfiguration, org.springframework.boot.autoconfigure.security.servlet.SecurityFilterAutoConfiguration, org.springframework.boot.autoconfigure.security.servlet.UserDetailsServiceAutoConfiguration, org.springframework.boot.test.autoconfigure.web.servlet.MockMvcSecurityConfiguration, org.springframework.boot.test.autoconfigure.web.reactive.WebTestClientAutoConfiguration]], org.springframework.boot.test.context.filter.ExcludeFilterContextCustomizer@eac3a26, org.springframework.boot.test.json.DuplicateJsonObjectContextCustomizerFactory$DuplicateJsonObjectContextCustomizer@142213d5, org.springframework.boot.test.mock.mockito.MockitoContextCustomizer@0, org.springframework.boot.test.web.client.TestRestTemplateContextCustomizer@2b6fcb9f, org.springframework.boot.test.context.SpringBootTestArgs@1, org.springframework.boot.test.context.SpringBootTestWebEnvironment@7c211fd0], resourceBasePath = 'src/main/webapp', contextLoader = 'org.springframework.boot.test.context.SpringBootContextLoader', parent = [null]], attributes = map['org.springframework.test.context.web.ServletTestExecutionListener.activateListener' -> false, 'org.springframework.test.context.event.ApplicationEventsTestExecutionListener.recordApplicationEvents' -> false]]; transaction manager [org.springframework.orm.jpa.JpaTransactionManager@5039705d]; rollback [true]
2022-04-11 01:52:31.979  WARN 38088 --- [    Test worker] c.g.d.rider.junit5.DBUnitExtension       : Could not find dataset annotation from callback method: public void hexlet.code.controllerTests.TaskStatusControllerTest.before() throws java.lang.Exception
2022-04-11 01:52:31.979  WARN 38088 --- [    Test worker] c.g.d.rider.junit5.DBUnitExtension       : Could not find expectedDataSet annotation annotation from callback method: public void hexlet.code.controllerTests.TaskStatusControllerTest.before() throws java.lang.Exception
2022-04-11 01:52:32.042  INFO 38088 --- [    Test worker] org.dbunit.database.DatabaseConfig       : The property ending with 'schema' was not found. Please notify a dbunit developer to add the property to the class org.dbunit.database.DatabaseConfig
2022-04-11 01:52:32.042  INFO 38088 --- [    Test worker] org.dbunit.database.DatabaseConfig       : The property ending with 'replacers' was not found. Please notify a dbunit developer to add the property to the class org.dbunit.database.DatabaseConfig
2022-04-11 01:52:32.054  INFO 38088 --- [    Test worker] o.s.t.c.transaction.TransactionContext   : Rolled back transaction for test: [DefaultTestContext@5c64d714 testClass = TaskStatusControllerTest, testInstance = hexlet.code.controllerTests.TaskStatusControllerTest@381ff193, testMethod = getStatusTest@TaskStatusControllerTest, testException = [null], mergedContextConfiguration = [WebMergedContextConfiguration@5c96d188 testClass = TaskStatusControllerTest, locations = '{}', classes = '{class hexlet.code.AppApplication}', contextInitializerClasses = '[]', activeProfiles = '{}', propertySourceLocations = '{}', propertySourceProperties = '{org.springframework.boot.test.context.SpringBootTestContextBootstrapper=true, server.port=0}', contextCustomizers = set[org.springframework.boot.test.autoconfigure.actuate.metrics.MetricsExportContextCustomizerFactory$DisableMetricExportContextCustomizer@5e5af8e1, org.springframework.boot.test.autoconfigure.properties.PropertyMappingContextCustomizer@4b3fa0b3, org.springframework.boot.test.autoconfigure.web.servlet.WebDriverContextCustomizerFactory$Customizer@2b680207, [ImportsContextCustomizer@3c6c6ec key = [org.springframework.boot.test.autoconfigure.web.servlet.MockMvcAutoConfiguration, org.springframework.boot.test.autoconfigure.web.servlet.MockMvcWebClientAutoConfiguration, org.springframework.boot.test.autoconfigure.web.servlet.MockMvcWebDriverAutoConfiguration, org.springframework.boot.autoconfigure.security.oauth2.client.servlet.OAuth2ClientAutoConfiguration, org.springframework.boot.autoconfigure.security.oauth2.resource.servlet.OAuth2ResourceServerAutoConfiguration, org.springframework.boot.autoconfigure.security.servlet.SecurityAutoConfiguration, org.springframework.boot.autoconfigure.security.servlet.SecurityFilterAutoConfiguration, org.springframework.boot.autoconfigure.security.servlet.UserDetailsServiceAutoConfiguration, org.springframework.boot.test.autoconfigure.web.servlet.MockMvcSecurityConfiguration, org.springframework.boot.test.autoconfigure.web.reactive.WebTestClientAutoConfiguration]], org.springframework.boot.test.context.filter.ExcludeFilterContextCustomizer@eac3a26, org.springframework.boot.test.json.DuplicateJsonObjectContextCustomizerFactory$DuplicateJsonObjectContextCustomizer@142213d5, org.springframework.boot.test.mock.mockito.MockitoContextCustomizer@0, org.springframework.boot.test.web.client.TestRestTemplateContextCustomizer@2b6fcb9f, org.springframework.boot.test.context.SpringBootTestArgs@1, org.springframework.boot.test.context.SpringBootTestWebEnvironment@7c211fd0], resourceBasePath = 'src/main/webapp', contextLoader = 'org.springframework.boot.test.context.SpringBootContextLoader', parent = [null]], attributes = map['org.springframework.test.context.web.ServletTestExecutionListener.activateListener' -> false, 'org.springframework.test.context.event.ApplicationEventsTestExecutionListener.recordApplicationEvents' -> false]]
2022-04-11 01:52:32.056  INFO 38088 --- [    Test worker] o.s.t.c.transaction.TransactionContext   : Began transaction (1) for test context [DefaultTestContext@5c64d714 testClass = TaskStatusControllerTest, testInstance = hexlet.code.controllerTests.TaskStatusControllerTest@7fc6d2fb, testMethod = updateStatusNegativeTest@TaskStatusControllerTest, testException = [null], mergedContextConfiguration = [WebMergedContextConfiguration@5c96d188 testClass = TaskStatusControllerTest, locations = '{}', classes = '{class hexlet.code.AppApplication}', contextInitializerClasses = '[]', activeProfiles = '{}', propertySourceLocations = '{}', propertySourceProperties = '{org.springframework.boot.test.context.SpringBootTestContextBootstrapper=true, server.port=0}', contextCustomizers = set[org.springframework.boot.test.autoconfigure.actuate.metrics.MetricsExportContextCustomizerFactory$DisableMetricExportContextCustomizer@5e5af8e1, org.springframework.boot.test.autoconfigure.properties.PropertyMappingContextCustomizer@4b3fa0b3, org.springframework.boot.test.autoconfigure.web.servlet.WebDriverContextCustomizerFactory$Customizer@2b680207, [ImportsContextCustomizer@3c6c6ec key = [org.springframework.boot.test.autoconfigure.web.servlet.MockMvcAutoConfiguration, org.springframework.boot.test.autoconfigure.web.servlet.MockMvcWebClientAutoConfiguration, org.springframework.boot.test.autoconfigure.web.servlet.MockMvcWebDriverAutoConfiguration, org.springframework.boot.autoconfigure.security.oauth2.client.servlet.OAuth2ClientAutoConfiguration, org.springframework.boot.autoconfigure.security.oauth2.resource.servlet.OAuth2ResourceServerAutoConfiguration, org.springframework.boot.autoconfigure.security.servlet.SecurityAutoConfiguration, org.springframework.boot.autoconfigure.security.servlet.SecurityFilterAutoConfiguration, org.springframework.boot.autoconfigure.security.servlet.UserDetailsServiceAutoConfiguration, org.springframework.boot.test.autoconfigure.web.servlet.MockMvcSecurityConfiguration, org.springframework.boot.test.autoconfigure.web.reactive.WebTestClientAutoConfiguration]], org.springframework.boot.test.context.filter.ExcludeFilterContextCustomizer@eac3a26, org.springframework.boot.test.json.DuplicateJsonObjectContextCustomizerFactory$DuplicateJsonObjectContextCustomizer@142213d5, org.springframework.boot.test.mock.mockito.MockitoContextCustomizer@0, org.springframework.boot.test.web.client.TestRestTemplateContextCustomizer@2b6fcb9f, org.springframework.boot.test.context.SpringBootTestArgs@1, org.springframework.boot.test.context.SpringBootTestWebEnvironment@7c211fd0], resourceBasePath = 'src/main/webapp', contextLoader = 'org.springframework.boot.test.context.SpringBootContextLoader', parent = [null]], attributes = map['org.springframework.test.context.web.ServletTestExecutionListener.activateListener' -> false, 'org.springframework.test.context.event.ApplicationEventsTestExecutionListener.recordApplicationEvents' -> false]]; transaction manager [org.springframework.orm.jpa.JpaTransactionManager@5039705d]; rollback [true]
2022-04-11 01:52:32.057  WARN 38088 --- [    Test worker] c.g.d.rider.junit5.DBUnitExtension       : Could not find dataset annotation from callback method: public void hexlet.code.controllerTests.TaskStatusControllerTest.before() throws java.lang.Exception
2022-04-11 01:52:32.057  WARN 38088 --- [    Test worker] c.g.d.rider.junit5.DBUnitExtension       : Could not find expectedDataSet annotation annotation from callback method: public void hexlet.code.controllerTests.TaskStatusControllerTest.before() throws java.lang.Exception
2022-04-11 01:52:32.120  INFO 38088 --- [    Test worker] org.dbunit.database.DatabaseConfig       : The property ending with 'schema' was not found. Please notify a dbunit developer to add the property to the class org.dbunit.database.DatabaseConfig
2022-04-11 01:52:32.121  INFO 38088 --- [    Test worker] org.dbunit.database.DatabaseConfig       : The property ending with 'replacers' was not found. Please notify a dbunit developer to add the property to the class org.dbunit.database.DatabaseConfig
2022-04-11 01:52:32.133  INFO 38088 --- [    Test worker] o.s.t.c.transaction.TransactionContext   : Rolled back transaction for test: [DefaultTestContext@5c64d714 testClass = TaskStatusControllerTest, testInstance = hexlet.code.controllerTests.TaskStatusControllerTest@7fc6d2fb, testMethod = updateStatusNegativeTest@TaskStatusControllerTest, testException = [null], mergedContextConfiguration = [WebMergedContextConfiguration@5c96d188 testClass = TaskStatusControllerTest, locations = '{}', classes = '{class hexlet.code.AppApplication}', contextInitializerClasses = '[]', activeProfiles = '{}', propertySourceLocations = '{}', propertySourceProperties = '{org.springframework.boot.test.context.SpringBootTestContextBootstrapper=true, server.port=0}', contextCustomizers = set[org.springframework.boot.test.autoconfigure.actuate.metrics.MetricsExportContextCustomizerFactory$DisableMetricExportContextCustomizer@5e5af8e1, org.springframework.boot.test.autoconfigure.properties.PropertyMappingContextCustomizer@4b3fa0b3, org.springframework.boot.test.autoconfigure.web.servlet.WebDriverContextCustomizerFactory$Customizer@2b680207, [ImportsContextCustomizer@3c6c6ec key = [org.springframework.boot.test.autoconfigure.web.servlet.MockMvcAutoConfiguration, org.springframework.boot.test.autoconfigure.web.servlet.MockMvcWebClientAutoConfiguration, org.springframework.boot.test.autoconfigure.web.servlet.MockMvcWebDriverAutoConfiguration, org.springframework.boot.autoconfigure.security.oauth2.client.servlet.OAuth2ClientAutoConfiguration, org.springframework.boot.autoconfigure.security.oauth2.resource.servlet.OAuth2ResourceServerAutoConfiguration, org.springframework.boot.autoconfigure.security.servlet.SecurityAutoConfiguration, org.springframework.boot.autoconfigure.security.servlet.SecurityFilterAutoConfiguration, org.springframework.boot.autoconfigure.security.servlet.UserDetailsServiceAutoConfiguration, org.springframework.boot.test.autoconfigure.web.servlet.MockMvcSecurityConfiguration, org.springframework.boot.test.autoconfigure.web.reactive.WebTestClientAutoConfiguration]], org.springframework.boot.test.context.filter.ExcludeFilterContextCustomizer@eac3a26, org.springframework.boot.test.json.DuplicateJsonObjectContextCustomizerFactory$DuplicateJsonObjectContextCustomizer@142213d5, org.springframework.boot.test.mock.mockito.MockitoContextCustomizer@0, org.springframework.boot.test.web.client.TestRestTemplateContextCustomizer@2b6fcb9f, org.springframework.boot.test.context.SpringBootTestArgs@1, org.springframework.boot.test.context.SpringBootTestWebEnvironment@7c211fd0], resourceBasePath = 'src/main/webapp', contextLoader = 'org.springframework.boot.test.context.SpringBootContextLoader', parent = [null]], attributes = map['org.springframework.test.context.web.ServletTestExecutionListener.activateListener' -> false, 'org.springframework.test.context.event.ApplicationEventsTestExecutionListener.recordApplicationEvents' -> false]]
2022-04-11 01:52:32.134  INFO 38088 --- [    Test worker] o.s.t.c.transaction.TransactionContext   : Began transaction (1) for test context [DefaultTestContext@5c64d714 testClass = TaskStatusControllerTest, testInstance = hexlet.code.controllerTests.TaskStatusControllerTest@5f0f5b81, testMethod = deleteTaskTest@TaskStatusControllerTest, testException = [null], mergedContextConfiguration = [WebMergedContextConfiguration@5c96d188 testClass = TaskStatusControllerTest, locations = '{}', classes = '{class hexlet.code.AppApplication}', contextInitializerClasses = '[]', activeProfiles = '{}', propertySourceLocations = '{}', propertySourceProperties = '{org.springframework.boot.test.context.SpringBootTestContextBootstrapper=true, server.port=0}', contextCustomizers = set[org.springframework.boot.test.autoconfigure.actuate.metrics.MetricsExportContextCustomizerFactory$DisableMetricExportContextCustomizer@5e5af8e1, org.springframework.boot.test.autoconfigure.properties.PropertyMappingContextCustomizer@4b3fa0b3, org.springframework.boot.test.autoconfigure.web.servlet.WebDriverContextCustomizerFactory$Customizer@2b680207, [ImportsContextCustomizer@3c6c6ec key = [org.springframework.boot.test.autoconfigure.web.servlet.MockMvcAutoConfiguration, org.springframework.boot.test.autoconfigure.web.servlet.MockMvcWebClientAutoConfiguration, org.springframework.boot.test.autoconfigure.web.servlet.MockMvcWebDriverAutoConfiguration, org.springframework.boot.autoconfigure.security.oauth2.client.servlet.OAuth2ClientAutoConfiguration, org.springframework.boot.autoconfigure.security.oauth2.resource.servlet.OAuth2ResourceServerAutoConfiguration, org.springframework.boot.autoconfigure.security.servlet.SecurityAutoConfiguration, org.springframework.boot.autoconfigure.security.servlet.SecurityFilterAutoConfiguration, org.springframework.boot.autoconfigure.security.servlet.UserDetailsServiceAutoConfiguration, org.springframework.boot.test.autoconfigure.web.servlet.MockMvcSecurityConfiguration, org.springframework.boot.test.autoconfigure.web.reactive.WebTestClientAutoConfiguration]], org.springframework.boot.test.context.filter.ExcludeFilterContextCustomizer@eac3a26, org.springframework.boot.test.json.DuplicateJsonObjectContextCustomizerFactory$DuplicateJsonObjectContextCustomizer@142213d5, org.springframework.boot.test.mock.mockito.MockitoContextCustomizer@0, org.springframework.boot.test.web.client.TestRestTemplateContextCustomizer@2b6fcb9f, org.springframework.boot.test.context.SpringBootTestArgs@1, org.springframework.boot.test.context.SpringBootTestWebEnvironment@7c211fd0], resourceBasePath = 'src/main/webapp', contextLoader = 'org.springframework.boot.test.context.SpringBootContextLoader', parent = [null]], attributes = map['org.springframework.test.context.web.ServletTestExecutionListener.activateListener' -> false, 'org.springframework.test.context.event.ApplicationEventsTestExecutionListener.recordApplicationEvents' -> false]]; transaction manager [org.springframework.orm.jpa.JpaTransactionManager@5039705d]; rollback [true]
2022-04-11 01:52:32.135  WARN 38088 --- [    Test worker] c.g.d.rider.junit5.DBUnitExtension       : Could not find dataset annotation from callback method: public void hexlet.code.controllerTests.TaskStatusControllerTest.before() throws java.lang.Exception
2022-04-11 01:52:32.135  WARN 38088 --- [    Test worker] c.g.d.rider.junit5.DBUnitExtension       : Could not find expectedDataSet annotation annotation from callback method: public void hexlet.code.controllerTests.TaskStatusControllerTest.before() throws java.lang.Exception
2022-04-11 01:52:32.197  INFO 38088 --- [    Test worker] org.dbunit.database.DatabaseConfig       : The property ending with 'schema' was not found. Please notify a dbunit developer to add the property to the class org.dbunit.database.DatabaseConfig
2022-04-11 01:52:32.197  INFO 38088 --- [    Test worker] org.dbunit.database.DatabaseConfig       : The property ending with 'replacers' was not found. Please notify a dbunit developer to add the property to the class org.dbunit.database.DatabaseConfig
2022-04-11 01:52:32.219  INFO 38088 --- [    Test worker] o.s.t.c.transaction.TransactionContext   : Rolled back transaction for test: [DefaultTestContext@5c64d714 testClass = TaskStatusControllerTest, testInstance = hexlet.code.controllerTests.TaskStatusControllerTest@5f0f5b81, testMethod = deleteTaskTest@TaskStatusControllerTest, testException = [null], mergedContextConfiguration = [WebMergedContextConfiguration@5c96d188 testClass = TaskStatusControllerTest, locations = '{}', classes = '{class hexlet.code.AppApplication}', contextInitializerClasses = '[]', activeProfiles = '{}', propertySourceLocations = '{}', propertySourceProperties = '{org.springframework.boot.test.context.SpringBootTestContextBootstrapper=true, server.port=0}', contextCustomizers = set[org.springframework.boot.test.autoconfigure.actuate.metrics.MetricsExportContextCustomizerFactory$DisableMetricExportContextCustomizer@5e5af8e1, org.springframework.boot.test.autoconfigure.properties.PropertyMappingContextCustomizer@4b3fa0b3, org.springframework.boot.test.autoconfigure.web.servlet.WebDriverContextCustomizerFactory$Customizer@2b680207, [ImportsContextCustomizer@3c6c6ec key = [org.springframework.boot.test.autoconfigure.web.servlet.MockMvcAutoConfiguration, org.springframework.boot.test.autoconfigure.web.servlet.MockMvcWebClientAutoConfiguration, org.springframework.boot.test.autoconfigure.web.servlet.MockMvcWebDriverAutoConfiguration, org.springframework.boot.autoconfigure.security.oauth2.client.servlet.OAuth2ClientAutoConfiguration, org.springframework.boot.autoconfigure.security.oauth2.resource.servlet.OAuth2ResourceServerAutoConfiguration, org.springframework.boot.autoconfigure.security.servlet.SecurityAutoConfiguration, org.springframework.boot.autoconfigure.security.servlet.SecurityFilterAutoConfiguration, org.springframework.boot.autoconfigure.security.servlet.UserDetailsServiceAutoConfiguration, org.springframework.boot.test.autoconfigure.web.servlet.MockMvcSecurityConfiguration, org.springframework.boot.test.autoconfigure.web.reactive.WebTestClientAutoConfiguration]], org.springframework.boot.test.context.filter.ExcludeFilterContextCustomizer@eac3a26, org.springframework.boot.test.json.DuplicateJsonObjectContextCustomizerFactory$DuplicateJsonObjectContextCustomizer@142213d5, org.springframework.boot.test.mock.mockito.MockitoContextCustomizer@0, org.springframework.boot.test.web.client.TestRestTemplateContextCustomizer@2b6fcb9f, org.springframework.boot.test.context.SpringBootTestArgs@1, org.springframework.boot.test.context.SpringBootTestWebEnvironment@7c211fd0], resourceBasePath = 'src/main/webapp', contextLoader = 'org.springframework.boot.test.context.SpringBootContextLoader', parent = [null]], attributes = map['org.springframework.test.context.web.ServletTestExecutionListener.activateListener' -> false, 'org.springframework.test.context.event.ApplicationEventsTestExecutionListener.recordApplicationEvents' -> false]]
2022-04-11 01:52:32.221  INFO 38088 --- [    Test worker] o.s.t.c.transaction.TransactionContext   : Began transaction (1) for test context [DefaultTestContext@5c64d714 testClass = TaskStatusControllerTest, testInstance = hexlet.code.controllerTests.TaskStatusControllerTest@7f8901e9, testMethod = createStatusTest@TaskStatusControllerTest, testException = [null], mergedContextConfiguration = [WebMergedContextConfiguration@5c96d188 testClass = TaskStatusControllerTest, locations = '{}', classes = '{class hexlet.code.AppApplication}', contextInitializerClasses = '[]', activeProfiles = '{}', propertySourceLocations = '{}', propertySourceProperties = '{org.springframework.boot.test.context.SpringBootTestContextBootstrapper=true, server.port=0}', contextCustomizers = set[org.springframework.boot.test.autoconfigure.actuate.metrics.MetricsExportContextCustomizerFactory$DisableMetricExportContextCustomizer@5e5af8e1, org.springframework.boot.test.autoconfigure.properties.PropertyMappingContextCustomizer@4b3fa0b3, org.springframework.boot.test.autoconfigure.web.servlet.WebDriverContextCustomizerFactory$Customizer@2b680207, [ImportsContextCustomizer@3c6c6ec key = [org.springframework.boot.test.autoconfigure.web.servlet.MockMvcAutoConfiguration, org.springframework.boot.test.autoconfigure.web.servlet.MockMvcWebClientAutoConfiguration, org.springframework.boot.test.autoconfigure.web.servlet.MockMvcWebDriverAutoConfiguration, org.springframework.boot.autoconfigure.security.oauth2.client.servlet.OAuth2ClientAutoConfiguration, org.springframework.boot.autoconfigure.security.oauth2.resource.servlet.OAuth2ResourceServerAutoConfiguration, org.springframework.boot.autoconfigure.security.servlet.SecurityAutoConfiguration, org.springframework.boot.autoconfigure.security.servlet.SecurityFilterAutoConfiguration, org.springframework.boot.autoconfigure.security.servlet.UserDetailsServiceAutoConfiguration, org.springframework.boot.test.autoconfigure.web.servlet.MockMvcSecurityConfiguration, org.springframework.boot.test.autoconfigure.web.reactive.WebTestClientAutoConfiguration]], org.springframework.boot.test.context.filter.ExcludeFilterContextCustomizer@eac3a26, org.springframework.boot.test.json.DuplicateJsonObjectContextCustomizerFactory$DuplicateJsonObjectContextCustomizer@142213d5, org.springframework.boot.test.mock.mockito.MockitoContextCustomizer@0, org.springframework.boot.test.web.client.TestRestTemplateContextCustomizer@2b6fcb9f, org.springframework.boot.test.context.SpringBootTestArgs@1, org.springframework.boot.test.context.SpringBootTestWebEnvironment@7c211fd0], resourceBasePath = 'src/main/webapp', contextLoader = 'org.springframework.boot.test.context.SpringBootContextLoader', parent = [null]], attributes = map['org.springframework.test.context.web.ServletTestExecutionListener.activateListener' -> false, 'org.springframework.test.context.event.ApplicationEventsTestExecutionListener.recordApplicationEvents' -> false]]; transaction manager [org.springframework.orm.jpa.JpaTransactionManager@5039705d]; rollback [true]
2022-04-11 01:52:32.222  WARN 38088 --- [    Test worker] c.g.d.rider.junit5.DBUnitExtension       : Could not find dataset annotation from callback method: public void hexlet.code.controllerTests.TaskStatusControllerTest.before() throws java.lang.Exception
2022-04-11 01:52:32.222  WARN 38088 --- [    Test worker] c.g.d.rider.junit5.DBUnitExtension       : Could not find expectedDataSet annotation annotation from callback method: public void hexlet.code.controllerTests.TaskStatusControllerTest.before() throws java.lang.Exception
2022-04-11 01:52:32.284  INFO 38088 --- [    Test worker] org.dbunit.database.DatabaseConfig       : The property ending with 'schema' was not found. Please notify a dbunit developer to add the property to the class org.dbunit.database.DatabaseConfig
2022-04-11 01:52:32.284  INFO 38088 --- [    Test worker] org.dbunit.database.DatabaseConfig       : The property ending with 'replacers' was not found. Please notify a dbunit developer to add the property to the class org.dbunit.database.DatabaseConfig
2022-04-11 01:52:32.299  INFO 38088 --- [    Test worker] o.s.t.c.transaction.TransactionContext   : Rolled back transaction for test: [DefaultTestContext@5c64d714 testClass = TaskStatusControllerTest, testInstance = hexlet.code.controllerTests.TaskStatusControllerTest@7f8901e9, testMethod = createStatusTest@TaskStatusControllerTest, testException = [null], mergedContextConfiguration = [WebMergedContextConfiguration@5c96d188 testClass = TaskStatusControllerTest, locations = '{}', classes = '{class hexlet.code.AppApplication}', contextInitializerClasses = '[]', activeProfiles = '{}', propertySourceLocations = '{}', propertySourceProperties = '{org.springframework.boot.test.context.SpringBootTestContextBootstrapper=true, server.port=0}', contextCustomizers = set[org.springframework.boot.test.autoconfigure.actuate.metrics.MetricsExportContextCustomizerFactory$DisableMetricExportContextCustomizer@5e5af8e1, org.springframework.boot.test.autoconfigure.properties.PropertyMappingContextCustomizer@4b3fa0b3, org.springframework.boot.test.autoconfigure.web.servlet.WebDriverContextCustomizerFactory$Customizer@2b680207, [ImportsContextCustomizer@3c6c6ec key = [org.springframework.boot.test.autoconfigure.web.servlet.MockMvcAutoConfiguration, org.springframework.boot.test.autoconfigure.web.servlet.MockMvcWebClientAutoConfiguration, org.springframework.boot.test.autoconfigure.web.servlet.MockMvcWebDriverAutoConfiguration, org.springframework.boot.autoconfigure.security.oauth2.client.servlet.OAuth2ClientAutoConfiguration, org.springframework.boot.autoconfigure.security.oauth2.resource.servlet.OAuth2ResourceServerAutoConfiguration, org.springframework.boot.autoconfigure.security.servlet.SecurityAutoConfiguration, org.springframework.boot.autoconfigure.security.servlet.SecurityFilterAutoConfiguration, org.springframework.boot.autoconfigure.security.servlet.UserDetailsServiceAutoConfiguration, org.springframework.boot.test.autoconfigure.web.servlet.MockMvcSecurityConfiguration, org.springframework.boot.test.autoconfigure.web.reactive.WebTestClientAutoConfiguration]], org.springframework.boot.test.context.filter.ExcludeFilterContextCustomizer@eac3a26, org.springframework.boot.test.json.DuplicateJsonObjectContextCustomizerFactory$DuplicateJsonObjectContextCustomizer@142213d5, org.springframework.boot.test.mock.mockito.MockitoContextCustomizer@0, org.springframework.boot.test.web.client.TestRestTemplateContextCustomizer@2b6fcb9f, org.springframework.boot.test.context.SpringBootTestArgs@1, org.springframework.boot.test.context.SpringBootTestWebEnvironment@7c211fd0], resourceBasePath = 'src/main/webapp', contextLoader = 'org.springframework.boot.test.context.SpringBootContextLoader', parent = [null]], attributes = map['org.springframework.test.context.web.ServletTestExecutionListener.activateListener' -> false, 'org.springframework.test.context.event.ApplicationEventsTestExecutionListener.recordApplicationEvents' -> false]]
]]></system-out>
  <system-err><![CDATA[]]></system-err>
</testsuite>
